<?xml version="1.0" encoding="UTF-8"?>
<!-- Generated by org.testng.reporters.JUnitXMLReporter -->
<testsuite ignored="0" hostname="phantom" failures="0" tests="6" name="Default test" time="19.738" errors="0" timestamp="25 Aug 2018 17:38:04 GMT">
  <testcase classname="testRest.Test10_VerifyResponse" name="testBodyInResponse" time="4.54"/>
  <testcase classname="testRest.Test10_VerifyResponse" name="testBodyParametersInResponse" time="1.455"/>
  <testcase classname="testRest.Test10_VerifyResponse" name="testContentType" time="0.943"/>
  <testcase classname="testRest.Test10_VerifyResponse" name="testCookieInResponse" time="1.047"/>
  <testcase classname="testRest.Test10_VerifyResponse" name="testHeadersInResponse" time="5.639"/>
  <testcase classname="testRest.Test10_VerifyResponse" name="testStatusInResponse" time="6.082"/>
</testsuite> <!-- Default test -->
