<?xml version="1.0" encoding="UTF-8"?>
<!-- Generated by org.testng.reporters.JUnitXMLReporter -->
<testsuite hostname="santra-WX-1" ignored="0" name="Default test" tests="5" failures="0" timestamp="22 Aug 2018 16:41:10 GMT" time="10.488" errors="0">
  <testcase name="testConnectRequest" time="3.006" classname="testRest.Test9_SetRequestData"/>
  <testcase name="testFormParameters" time="1.812" classname="testRest.Test9_SetRequestData"/>
  <testcase name="testQueryParameters" time="1.641" classname="testRest.Test9_SetRequestData"/>
  <testcase name="testSetMultipleValueParameters" time="2.507" classname="testRest.Test9_SetRequestData"/>
  <testcase name="testSetParameters" time="1.475" classname="testRest.Test9_SetRequestData"/>
</testsuite> <!-- Default test -->
