<?xml version="1.0" encoding="UTF-8"?>
<!-- Generated by org.testng.reporters.JUnitXMLReporter -->
<testsuite hostname="santra-WX-1" ignored="0" name="Surefire test" tests="25" failures="0" timestamp="21 Aug 2018 20:29:44 GMT" time="26.223" errors="0">
  <testcase name="testEqualToFunction" time="2.019" classname="testRest.Test1_BasicFeatures"/>
  <testcase name="testFeatureForReadability" time="0.515" classname="testRest.Test1_BasicFeatures"/>
  <testcase name="testHasItemFunction" time="0.984" classname="testRest.Test1_BasicFeatures"/>
  <testcase name="testLogging" time="0.5" classname="testRest.Test1_BasicFeatures"/>
  <testcase name="testParametersAndHeaders" time="0.523" classname="testRest.Test1_BasicFeatures"/>
  <testcase name="testStatusCode" time="0.247" classname="testRest.Test1_BasicFeatures"/>
  <testcase name="testCompleteTextInOneGo" time="1.194" classname="testRest.Test1_BasicFeaturesForXML"/>
  <testcase name="testMultipleContent" time="0.919" classname="testRest.Test1_BasicFeaturesForXML"/>
  <testcase name="testSingleContent" time="0.862" classname="testRest.Test1_BasicFeaturesForXML"/>
  <testcase name="testUsingXpath1" time="0.968" classname="testRest.Test1_BasicFeaturesForXML"/>
  <testcase name="testUsingXpath2" time="0.884" classname="testRest.Test1_BasicFeaturesForXML"/>
  <testcase name="testContentType" time="0.57" classname="testRest.Test3_SchemaCheck"/>
  <testcase name="testSchema" time="0.832" classname="testRest.Test3_SchemaCheck"/>
  <testcase name="testExtractDetailsUsingPath" time="2.32" classname="testRest.Test5_ResponseInDiffWays"/>
  <testcase name="testExtractPathInOneline" time="5.509" classname="testRest.Test5_ResponseInDiffWays"/>
  <testcase name="testExtractUsingResponse" time="0.57" classname="testRest.Test5_ResponseInDiffWays"/>
  <testcase name="testGetResponseAsInputStream" time="0.905" classname="testRest.Test5_ResponseInDiffWays"/>
  <testcase name="testGetResponseAsString" time="0.485" classname="testRest.Test5_ResponseInDiffWays"/>
  <testcase name="testGetResponseAsList" time="0.564" classname="testRest.Test6_GroovyFeatures"/>
  <testcase name="testLengthOfResponse" time="1.423" classname="testRest.Test6_GroovyFeatures"/>
  <testcase name="testPreseneceOfElements" time="0.848" classname="testRest.Test6_GroovyFeatures"/>
  <testcase name="testPostReq" time="0.701" classname="testRest.TestPostRequest"/>
  <testcase name="testDetachRoot" time="0.779" classname="testRest.TestSetting_Root"/>
  <testcase name="testWithRoot" time="0.575" classname="testRest.TestSetting_Root"/>
  <testcase name="testWithoutRoot" time="0.478" classname="testRest.TestSetting_Root"/>
</testsuite> <!-- Surefire test -->
