<?xml version="1.0" encoding="UTF-8"?>
<testng-results skipped="0" failed="0" ignored="0" total="1" passed="1">
  <reporter-output>
  </reporter-output>
  <suite name="Surefire suite" duration-ms="34" started-at="2018-08-20T16:12:11Z" finished-at="2018-08-20T16:12:11Z">
    <groups>
    </groups>
    <test name="Surefire test" duration-ms="34" started-at="2018-08-20T16:12:11Z" finished-at="2018-08-20T16:12:11Z">
      <class name="com.restAssured.RestAssured.AppTest">
        <test-method status="PASS" signature="testApp()[pri:0, instance:testApp(com.restAssured.RestAssured.AppTest)]" name="testApp" duration-ms="12" started-at="2018-08-20T16:12:11Z" finished-at="2018-08-20T16:12:11Z">
          <reporter-output>
          </reporter-output>
        </test-method> <!-- testApp -->
      </class> <!-- com.restAssured.RestAssured.AppTest -->
    </test> <!-- Surefire test -->
  </suite> <!-- Surefire suite -->
</testng-results>
