<?xml version="1.0" encoding="UTF-8"?>
<testng-results skipped="0" failed="0" ignored="0" total="5" passed="5">
  <reporter-output>
  </reporter-output>
  <suite name="Default suite" duration-ms="10488" started-at="2018-08-22T16:40:59Z" finished-at="2018-08-22T16:41:10Z">
    <groups>
    </groups>
    <test name="Default test" duration-ms="10488" started-at="2018-08-22T16:40:59Z" finished-at="2018-08-22T16:41:10Z">
      <class name="testRest.Test9_SetRequestData">
        <test-method status="PASS" signature="testConnectRequest()[pri:0, instance:testRest.Test9_SetRequestData@523884b2]" name="testConnectRequest" duration-ms="3006" started-at="2018-08-22T16:40:59Z" finished-at="2018-08-22T16:41:02Z">
          <reporter-output>
          </reporter-output>
        </test-method> <!-- testConnectRequest -->
        <test-method status="PASS" signature="testFormParameters()[pri:0, instance:testRest.Test9_SetRequestData@523884b2]" name="testFormParameters" duration-ms="1812" started-at="2018-08-22T16:41:02Z" finished-at="2018-08-22T16:41:04Z">
          <reporter-output>
          </reporter-output>
        </test-method> <!-- testFormParameters -->
        <test-method status="PASS" signature="testQueryParameters()[pri:0, instance:testRest.Test9_SetRequestData@523884b2]" name="testQueryParameters" duration-ms="1641" started-at="2018-08-22T16:41:04Z" finished-at="2018-08-22T16:41:06Z">
          <reporter-output>
          </reporter-output>
        </test-method> <!-- testQueryParameters -->
        <test-method status="PASS" signature="testSetMultipleValueParameters()[pri:0, instance:testRest.Test9_SetRequestData@523884b2]" name="testSetMultipleValueParameters" duration-ms="2507" started-at="2018-08-22T16:41:06Z" finished-at="2018-08-22T16:41:08Z">
          <reporter-output>
          </reporter-output>
        </test-method> <!-- testSetMultipleValueParameters -->
        <test-method status="PASS" signature="testSetParameters()[pri:0, instance:testRest.Test9_SetRequestData@523884b2]" name="testSetParameters" duration-ms="1475" started-at="2018-08-22T16:41:08Z" finished-at="2018-08-22T16:41:10Z">
          <reporter-output>
          </reporter-output>
        </test-method> <!-- testSetParameters -->
      </class> <!-- testRest.Test9_SetRequestData -->
    </test> <!-- Default test -->
  </suite> <!-- Default suite -->
</testng-results>
