<?xml version="1.0" encoding="UTF-8"?>
<testng-results ignored="0" total="6" passed="6" failed="0" skipped="0">
  <reporter-output>
  </reporter-output>
  <suite started-at="2018-08-25T17:37:44Z" name="Default suite" finished-at="2018-08-25T17:38:04Z" duration-ms="19738">
    <groups>
    </groups>
    <test started-at="2018-08-25T17:37:44Z" name="Default test" finished-at="2018-08-25T17:38:04Z" duration-ms="19738">
      <class name="testRest.Test10_VerifyResponse">
        <test-method signature="testBodyInResponse()[pri:0, instance:testRest.Test10_VerifyResponse@49e5f737]" started-at="2018-08-25T23:07:44Z" name="testBodyInResponse" finished-at="2018-08-25T23:07:49Z" duration-ms="4540" status="PASS">
          <reporter-output>
          </reporter-output>
        </test-method> <!-- testBodyInResponse -->
        <test-method signature="testBodyParametersInResponse()[pri:0, instance:testRest.Test10_VerifyResponse@49e5f737]" started-at="2018-08-25T23:07:49Z" name="testBodyParametersInResponse" finished-at="2018-08-25T23:07:50Z" duration-ms="1455" status="PASS">
          <reporter-output>
          </reporter-output>
        </test-method> <!-- testBodyParametersInResponse -->
        <test-method signature="testContentType()[pri:0, instance:testRest.Test10_VerifyResponse@49e5f737]" started-at="2018-08-25T23:07:50Z" name="testContentType" finished-at="2018-08-25T23:07:51Z" duration-ms="943" status="PASS">
          <reporter-output>
          </reporter-output>
        </test-method> <!-- testContentType -->
        <test-method signature="testCookieInResponse()[pri:0, instance:testRest.Test10_VerifyResponse@49e5f737]" started-at="2018-08-25T23:07:51Z" name="testCookieInResponse" finished-at="2018-08-25T23:07:52Z" duration-ms="1047" status="PASS">
          <reporter-output>
          </reporter-output>
        </test-method> <!-- testCookieInResponse -->
        <test-method signature="testHeadersInResponse()[pri:0, instance:testRest.Test10_VerifyResponse@49e5f737]" started-at="2018-08-25T23:07:52Z" name="testHeadersInResponse" finished-at="2018-08-25T23:07:58Z" duration-ms="5639" status="PASS">
          <reporter-output>
          </reporter-output>
        </test-method> <!-- testHeadersInResponse -->
        <test-method signature="testStatusInResponse()[pri:0, instance:testRest.Test10_VerifyResponse@49e5f737]" started-at="2018-08-25T23:07:58Z" name="testStatusInResponse" finished-at="2018-08-25T23:08:04Z" duration-ms="6082" status="PASS">
          <reporter-output>
          </reporter-output>
        </test-method> <!-- testStatusInResponse -->
      </class> <!-- testRest.Test10_VerifyResponse -->
    </test> <!-- Default test -->
  </suite> <!-- Default suite -->
</testng-results>
